<?xml version="1.0" encoding="UTF-8"?>
<robot generator="Robot 4.1.3 (Python 3.9.7 on win32)" generated="20220318 20:20:54.659" rpa="false" schemaversion="2">
<suite id="s1" name="Test" source="c:\qaninja\robot\test.robot">
<test id="s1-t1" name="Deve retornar mensagem de boas vindas">
<kw name="Welcome" library="app">
<var>${result}</var>
<arg>Karem</arg>
<msg timestamp="20220318 20:20:55.005" level="INFO">${result} = OláKarem, bem vinda ao Curso básico de Robot Framework!</msg>
<status status="PASS" starttime="20220318 20:20:55.003" endtime="20220318 20:20:55.006"/>
</kw>
<kw name="Log To Console" library="BuiltIn">
<arg>${result}</arg>
<doc>Logs the given message to the console.</doc>
<status status="PASS" starttime="20220318 20:20:55.010" endtime="20220318 20:20:55.016"/>
</kw>
<status status="PASS" starttime="20220318 20:20:54.999" endtime="20220318 20:20:55.019"/>
</test>
<status status="PASS" starttime="20220318 20:20:54.671" endtime="20220318 20:20:55.032"/>
</suite>
<statistics>
<total>
<stat pass="1" fail="0" skip="0">All Tests</stat>
</total>
<tag>
</tag>
<suite>
<stat pass="1" fail="0" skip="0" id="s1" name="Test">Test</stat>
</suite>
</statistics>
<errors>
</errors>
</robot>
